<?xml version="1.0" encoding="UTF-8"?>
<testsuite xmlns:xsi="http://www.w3.org/2001/XMLSchema-instance" xsi:noNamespaceSchemaLocation="https://maven.apache.org/surefire/maven-surefire-plugin/xsd/surefire-test-report.xsd" name="de.wbstraining.masterdata.service.impl.UserServiceUnitTest" time="0.027" tests="20" errors="0" skipped="0" failures="0">
  <properties>
[...]
</properties>
  <testcase name="whenCreateIsTriggeredForNullEntity_thenException" classname="de.wbstraining.masterdata.service.impl.UserServiceUnitTest" time="0.014"/>
  <testcase name="whenGetAllIsTriggered_thenAllEntitiesAreRetrieved" classname="de.wbstraining.masterdata.service.impl.UserServiceUnitTest" time="0"/>
  <testcase name="whenGetAllIsTriggered_thenNoException" classname="de.wbstraining.masterdata.service.impl.UserServiceUnitTest" time="0"/>
  <testcase name="givenResourceExists_whenDeleteIsTriggered_thenNoExceptions" classname="de.wbstraining.masterdata.service.impl.UserServiceUnitTest" time="0.001"/>
  <testcase name="whenServiceIsInitialized_thenNoException" classname="de.wbstraining.masterdata.service.impl.UserServiceUnitTest" time="0"/>
  <testcase name="whenUpdateIsTriggered_thenEntityIsUpdated" classname="de.wbstraining.masterdata.service.impl.UserServiceUnitTest" time="0"/>
  <testcase name="whenUpdateIsTriggered_thenNoException" classname="de.wbstraining.masterdata.service.impl.UserServiceUnitTest" time="0.001"/>
  <testcase name="whenEntityByIdIsFound_thenItIsReturned" classname="de.wbstraining.masterdata.service.impl.UserServiceUnitTest" time="0"/>
  <testcase name="givenResourceDoesNotExist_whenDeleteIsTriggered_thenNoExceptions" classname="de.wbstraining.masterdata.service.impl.UserServiceUnitTest" time="0"/>
  <testcase name="whenCreatingANewEntity_thenEventIsPublished" classname="de.wbstraining.masterdata.service.impl.UserServiceUnitTest" time="0.001"/>
  <testcase name="whenGetIsTriggered_thenNoException" classname="de.wbstraining.masterdata.service.impl.UserServiceUnitTest" time="0"/>
  <testcase name="whenDeleteAllEntities_thenEntitiesAreDeleted" classname="de.wbstraining.masterdata.service.impl.UserServiceUnitTest" time="0"/>
  <testcase name="whenGetIsTriggered_thenEntityIsRetrieved" classname="de.wbstraining.masterdata.service.impl.UserServiceUnitTest" time="0.001"/>
  <testcase name="whenCreateIsTriggered_thenNoException" classname="de.wbstraining.masterdata.service.impl.UserServiceUnitTest" time="0"/>
  <testcase name="whenCreatingANewEntity_thenEntityIsSaved" classname="de.wbstraining.masterdata.service.impl.UserServiceUnitTest" time="0.001"/>
  <testcase name="givenResourceExists_whenDeleteIsTriggered_thenEntityIsDeleted" classname="de.wbstraining.masterdata.service.impl.UserServiceUnitTest" time="0"/>
  <testcase name="givenEntity_whenUpdate_thenEventIsPublished" classname="de.wbstraining.masterdata.service.impl.UserServiceUnitTest" time="0"/>
  <testcase name="whenPageOfEntitiesIsRetrieved_thenResultIsCorrect" classname="de.wbstraining.masterdata.service.impl.UserServiceUnitTest" time="0"/>
  <testcase name="givenNullEntity_whenUpdate_thenException" classname="de.wbstraining.masterdata.service.impl.UserServiceUnitTest" time="0.001"/>
  <testcase name="whenCreatingANewEntity_thenBeforeCreateEventIsPublished" classname="de.wbstraining.masterdata.service.impl.UserServiceUnitTest" time="0"/>
</testsuite>